{"/Users/bilalsattar/Downloads/pokemonApp/src/component/PokemonList.js": {"path":"/Users/bilalsattar/Downloads/pokemonApp/src/component/PokemonList.js","statementMap":{"0":{"start":{"line":11,"column":20},"end":{"line":34,"column":1}},"1":{"start":{"line":12,"column":37},"end":{"line":12,"column":61}},"2":{"start":{"line":14,"column":2},"end":{"line":14,"column":48}},"3":{"start":{"line":14,"column":17},"end":{"line":14,"column":48}},"4":{"start":{"line":15,"column":2},"end":{"line":15,"column":52}},"5":{"start":{"line":15,"column":13},"end":{"line":15,"column":52}},"6":{"start":{"line":17,"column":2},"end":{"line":33,"column":4}},"7":{"start":{"line":21,"column":30},"end":{"line":21,"column":39}},"8":{"start":{"line":23,"column":8},"end":{"line":30,"column":27}},"9":{"start":{"line":25,"column":12},"end":{"line":25,"column":70}},"10":{"start":{"line":35,"column":15},"end":{"line":47,"column":2}}},"fnMap":{"0":{"name":"(anonymous_0)","decl":{"start":{"line":11,"column":20},"end":{"line":11,"column":21}},"loc":{"start":{"line":11,"column":40},"end":{"line":34,"column":1}},"line":11},"1":{"name":"(anonymous_1)","decl":{"start":{"line":21,"column":20},"end":{"line":21,"column":21}},"loc":{"start":{"line":21,"column":30},"end":{"line":21,"column":39}},"line":21},"2":{"name":"(anonymous_2)","decl":{"start":{"line":22,"column":18},"end":{"line":22,"column":19}},"loc":{"start":{"line":23,"column":8},"end":{"line":30,"column":27}},"line":23},"3":{"name":"(anonymous_3)","decl":{"start":{"line":24,"column":19},"end":{"line":24,"column":20}},"loc":{"start":{"line":25,"column":12},"end":{"line":25,"column":70}},"line":25}},"branchMap":{"0":{"loc":{"start":{"line":14,"column":2},"end":{"line":14,"column":48}},"type":"if","locations":[{"start":{"line":14,"column":2},"end":{"line":14,"column":48}},{"start":{},"end":{}}],"line":14},"1":{"loc":{"start":{"line":15,"column":2},"end":{"line":15,"column":52}},"type":"if","locations":[{"start":{"line":15,"column":2},"end":{"line":15,"column":52}},{"start":{},"end":{}}],"line":15}},"s":{"0":1,"1":4,"2":4,"3":1,"4":3,"5":1,"6":2,"7":6,"8":4,"9":1,"10":1},"f":{"0":4,"1":6,"2":4,"3":1},"b":{"0":[1,3],"1":[1,2]},"_coverageSchema":"1a1c01bbd47fc00a2c39e90264f33305004495a9","hash":"4361f497a77e4c99ac5f09cca4122fd1f4e77a1b"}
,"/Users/bilalsattar/Downloads/pokemonApp/src/screens/PokemonDetailScreen.js": {"path":"/Users/bilalsattar/Downloads/pokemonApp/src/screens/PokemonDetailScreen.js","statementMap":{"0":{"start":{"line":5,"column":28},"end":{"line":11,"column":1}},"1":{"start":{"line":6,"column":2},"end":{"line":10,"column":4}}},"fnMap":{"0":{"name":"(anonymous_0)","decl":{"start":{"line":5,"column":28},"end":{"line":5,"column":29}},"loc":{"start":{"line":5,"column":43},"end":{"line":11,"column":1}},"line":5}},"branchMap":{},"s":{"0":1,"1":1},"f":{"0":1},"b":{},"_coverageSchema":"1a1c01bbd47fc00a2c39e90264f33305004495a9","hash":"3d1aa37960b987a55502eaf79f364d68b89a09e3"}
}
